<?xml version="1.0" encoding="UTF-8"?>
<testsuite xmlns:xsi="http://www.w3.org/2001/XMLSchema-instance" xsi:noNamespaceSchemaLocation="https://maven.apache.org/surefire/maven-surefire-plugin/xsd/surefire-test-report-3.0.xsd" version="3.0" name="com.udacity.catpoint.security.SecurityServiceTest" time="1.176" tests="20" errors="0" skipped="0" failures="0">
  <properties>
[...]
</properties>
  <testcase name="ifSensorDeactivatedWhileInactive_noChangesToAlarmState(AlarmStatus)[1]" classname="com.udacity.catpoint.security.SecurityServiceTest" time="0.855"/>
  <testcase name="ifSensorDeactivatedWhileInactive_noChangesToAlarmState(AlarmStatus)[2]" classname="com.udacity.catpoint.security.SecurityServiceTest" time="0.005"/>
  <testcase name="ifSensorDeactivatedWhileInactive_noChangesToAlarmState(AlarmStatus)[3]" classname="com.udacity.catpoint.security.SecurityServiceTest" time="0.003"/>
  <testcase name="ifPendingAlarmAndSensorInactive_returnNoAlarmState" classname="com.udacity.catpoint.security.SecurityServiceTest" time="0.008"/>
  <testcase name="ifImageServiceIdentifiesNoCatImage_changeStatusToNoAlarmAsLongSensorsNotActive" classname="com.udacity.catpoint.security.SecurityServiceTest" time="0.097"/>
  <testcase name="ifSystemArmed_resetSensorsToInactive(ArmingStatus)[1]" classname="com.udacity.catpoint.security.SecurityServiceTest" time="0.012"/>
  <testcase name="ifSystemArmed_resetSensorsToInactive(ArmingStatus)[2]" classname="com.udacity.catpoint.security.SecurityServiceTest" time="0.006"/>
  <testcase name="ifSystemDisarmed_setNoAlarmState" classname="com.udacity.catpoint.security.SecurityServiceTest" time="0.003"/>
  <testcase name="addAndRemoveSensor" classname="com.udacity.catpoint.security.SecurityServiceTest" time="0.003"/>
  <testcase name="ifSystemArmedAndSensorActivated_changeStatusToPending" classname="com.udacity.catpoint.security.SecurityServiceTest" time="0.004"/>
  <testcase name="ifAlarmIsActive_changeSensorShouldNotAffectAlarmState(boolean)[1]" classname="com.udacity.catpoint.security.SecurityServiceTest" time="0.004"/>
  <testcase name="ifAlarmIsActive_changeSensorShouldNotAffectAlarmState(boolean)[2]" classname="com.udacity.catpoint.security.SecurityServiceTest" time="0.003"/>
  <testcase name="addAndRemoveStatusListener" classname="com.udacity.catpoint.security.SecurityServiceTest" time="0.002"/>
  <testcase name="ifSystemArmedAndSensorActivatedAndPendingState_changeStatusToAlarm" classname="com.udacity.catpoint.security.SecurityServiceTest" time="0.003"/>
  <testcase name="ifSystemDisarmedAndSensorActivated_noChangesToArmingState(AlarmStatus)[1]" classname="com.udacity.catpoint.security.SecurityServiceTest" time="0.003"/>
  <testcase name="ifSystemDisarmedAndSensorActivated_noChangesToArmingState(AlarmStatus)[2]" classname="com.udacity.catpoint.security.SecurityServiceTest" time="0.003"/>
  <testcase name="ifSensorActivatedWhileActiveAndPendingAlarm_changeStatusToAlarm" classname="com.udacity.catpoint.security.SecurityServiceTest" time="0.004"/>
  <testcase name="ifAlarmStateAndSystemDisarmed_changeStatusToPending" classname="com.udacity.catpoint.security.SecurityServiceTest" time="0.002"/>
  <testcase name="ifImageServiceIdentifiesCatWhileAlarmArmedHome_changeStatusToAlarm" classname="com.udacity.catpoint.security.SecurityServiceTest" time="0.01"/>
  <testcase name="ifSystemArmedHomeWhileImageServiceIdentifiesCat_changeStatusToAlarm" classname="com.udacity.catpoint.security.SecurityServiceTest" time="0.002"/>
</testsuite>